C:\USERS\RICHARD\APPDATA\LOCAL\.METEOR\METEOR.BAT:1
(function (exports, require, module, __filename, __dirname) { @echo off
                                                              ^

SyntaxError: Invalid or unexpected token
    at createScript (vm.js:74:10)
    at Object.runInThisContext (vm.js:116:10)
    at Module._compile (module.js:533:28)
    at Object.Module._extensions..js (module.js:580:10)
    at Module.load (module.js:503:32)
    at tryModuleLoad (module.js:466:12)
    at Function.Module._load (module.js:458:3)
    at Object.<anonymous> (C:\Users\richard\AppData\Roaming\npm\node_modules\pm2\lib\ProcessContainerFork.js:53:21)
    at Module._compile (module.js:569:30)
    at Object.Module._extensions..js (module.js:580:10)
C:\USERS\RICHARD\APPDATA\LOCAL\.METEOR\METEOR.BAT:1
(function (exports, require, module, __filename, __dirname) { @echo off
                                                              ^

SyntaxError: Invalid or unexpected token
    at createScript (vm.js:74:10)
    at Object.runInThisContext (vm.js:116:10)
    at Module._compile (module.js:533:28)
    at Object.Module._extensions..js (module.js:580:10)
    at Module.load (module.js:503:32)
    at tryModuleLoad (module.js:466:12)
    at Function.Module._load (module.js:458:3)
    at Object.<anonymous> (C:\Users\richard\AppData\Roaming\npm\node_modules\pm2\lib\ProcessContainerFork.js:53:21)
    at Module._compile (module.js:569:30)
    at Object.Module._extensions..js (module.js:580:10)
C:\USERS\RICHARD\APPDATA\LOCAL\.METEOR\METEOR.BAT:1
(function (exports, require, module, __filename, __dirname) { @echo off
                                                              ^

SyntaxError: Invalid or unexpected token
    at createScript (vm.js:74:10)
    at Object.runInThisContext (vm.js:116:10)
    at Module._compile (module.js:533:28)
    at Object.Module._extensions..js (module.js:580:10)
    at Module.load (module.js:503:32)
    at tryModuleLoad (module.js:466:12)
    at Function.Module._load (module.js:458:3)
    at Object.<anonymous> (C:\Users\richard\AppData\Roaming\npm\node_modules\pm2\lib\ProcessContainerFork.js:53:21)
    at Module._compile (module.js:569:30)
    at Object.Module._extensions..js (module.js:580:10)
C:\USERS\RICHARD\APPDATA\LOCAL\.METEOR\METEOR.BAT:1
(function (exports, require, module, __filename, __dirname) { @echo off
                                                              ^

SyntaxError: Invalid or unexpected token
    at createScript (vm.js:74:10)
    at Object.runInThisContext (vm.js:116:10)
    at Module._compile (module.js:533:28)
    at Object.Module._extensions..js (module.js:580:10)
    at Module.load (module.js:503:32)
    at tryModuleLoad (module.js:466:12)
    at Function.Module._load (module.js:458:3)
    at Object.<anonymous> (C:\Users\richard\AppData\Roaming\npm\node_modules\pm2\lib\ProcessContainerFork.js:53:21)
    at Module._compile (module.js:569:30)
    at Object.Module._extensions..js (module.js:580:10)
C:\USERS\RICHARD\APPDATA\LOCAL\.METEOR\METEOR.BAT:1
(function (exports, require, module, __filename, __dirname) { @echo off
                                                              ^

SyntaxError: Invalid or unexpected token
    at createScript (vm.js:74:10)
    at Object.runInThisContext (vm.js:116:10)
    at Module._compile (module.js:533:28)
    at Object.Module._extensions..js (module.js:580:10)
    at Module.load (module.js:503:32)
    at tryModuleLoad (module.js:466:12)
    at Function.Module._load (module.js:458:3)
    at Object.<anonymous> (C:\Users\richard\AppData\Roaming\npm\node_modules\pm2\lib\ProcessContainerFork.js:53:21)
    at Module._compile (module.js:569:30)
    at Object.Module._extensions..js (module.js:580:10)
C:\USERS\RICHARD\APPDATA\LOCAL\.METEOR\METEOR.BAT:1
(function (exports, require, module, __filename, __dirname) { @echo off
                                                              ^

SyntaxError: Invalid or unexpected token
    at createScript (vm.js:74:10)
    at Object.runInThisContext (vm.js:116:10)
    at Module._compile (module.js:533:28)
    at Object.Module._extensions..js (module.js:580:10)
    at Module.load (module.js:503:32)
    at tryModuleLoad (module.js:466:12)
    at Function.Module._load (module.js:458:3)
    at Object.<anonymous> (C:\Users\richard\AppData\Roaming\npm\node_modules\pm2\lib\ProcessContainerFork.js:53:21)
    at Module._compile (module.js:569:30)
    at Object.Module._extensions..js (module.js:580:10)
C:\USERS\RICHARD\APPDATA\LOCAL\.METEOR\METEOR.BAT:1
(function (exports, require, module, __filename, __dirname) { @echo off
                                                              ^

SyntaxError: Invalid or unexpected token
    at createScript (vm.js:74:10)
    at Object.runInThisContext (vm.js:116:10)
    at Module._compile (module.js:533:28)
    at Object.Module._extensions..js (module.js:580:10)
    at Module.load (module.js:503:32)
    at tryModuleLoad (module.js:466:12)
    at Function.Module._load (module.js:458:3)
    at Object.<anonymous> (C:\Users\richard\AppData\Roaming\npm\node_modules\pm2\lib\ProcessContainerFork.js:53:21)
    at Module._compile (module.js:569:30)
    at Object.Module._extensions..js (module.js:580:10)
C:\USERS\RICHARD\APPDATA\LOCAL\.METEOR\METEOR.BAT:1
(function (exports, require, module, __filename, __dirname) { @echo off
                                                              ^

SyntaxError: Invalid or unexpected token
    at createScript (vm.js:74:10)
    at Object.runInThisContext (vm.js:116:10)
    at Module._compile (module.js:533:28)
    at Object.Module._extensions..js (module.js:580:10)
    at Module.load (module.js:503:32)
    at tryModuleLoad (module.js:466:12)
    at Function.Module._load (module.js:458:3)
    at Object.<anonymous> (C:\Users\richard\AppData\Roaming\npm\node_modules\pm2\lib\ProcessContainerFork.js:53:21)
    at Module._compile (module.js:569:30)
    at Object.Module._extensions..js (module.js:580:10)
C:\USERS\RICHARD\APPDATA\LOCAL\.METEOR\METEOR.BAT:1
(function (exports, require, module, __filename, __dirname) { @echo off
                                                              ^

SyntaxError: Invalid or unexpected token
    at createScript (vm.js:74:10)
    at Object.runInThisContext (vm.js:116:10)
    at Module._compile (module.js:533:28)
    at Object.Module._extensions..js (module.js:580:10)
    at Module.load (module.js:503:32)
    at tryModuleLoad (module.js:466:12)
    at Function.Module._load (module.js:458:3)
    at Object.<anonymous> (C:\Users\richard\AppData\Roaming\npm\node_modules\pm2\lib\ProcessContainerFork.js:53:21)
    at Module._compile (module.js:569:30)
    at Object.Module._extensions..js (module.js:580:10)
C:\USERS\RICHARD\APPDATA\LOCAL\.METEOR\METEOR.BAT:1
(function (exports, require, module, __filename, __dirname) { @echo off
                                                              ^

SyntaxError: Invalid or unexpected token
    at createScript (vm.js:74:10)
    at Object.runInThisContext (vm.js:116:10)
    at Module._compile (module.js:533:28)
    at Object.Module._extensions..js (module.js:580:10)
    at Module.load (module.js:503:32)
    at tryModuleLoad (module.js:466:12)
    at Function.Module._load (module.js:458:3)
    at Object.<anonymous> (C:\Users\richard\AppData\Roaming\npm\node_modules\pm2\lib\ProcessContainerFork.js:53:21)
    at Module._compile (module.js:569:30)
    at Object.Module._extensions..js (module.js:580:10)
C:\USERS\RICHARD\APPDATA\LOCAL\.METEOR\METEOR.BAT:1
(function (exports, require, module, __filename, __dirname) { @echo off
                                                              ^

SyntaxError: Invalid or unexpected token
    at createScript (vm.js:74:10)
    at Object.runInThisContext (vm.js:116:10)
    at Module._compile (module.js:533:28)
    at Object.Module._extensions..js (module.js:580:10)
    at Module.load (module.js:503:32)
    at tryModuleLoad (module.js:466:12)
    at Function.Module._load (module.js:458:3)
    at Object.<anonymous> (C:\Users\richard\AppData\Roaming\npm\node_modules\pm2\lib\ProcessContainerFork.js:53:21)
    at Module._compile (module.js:569:30)
    at Object.Module._extensions..js (module.js:580:10)
C:\USERS\RICHARD\APPDATA\LOCAL\.METEOR\METEOR.BAT:1
(function (exports, require, module, __filename, __dirname) { @echo off
                                                              ^

SyntaxError: Invalid or unexpected token
    at createScript (vm.js:74:10)
    at Object.runInThisContext (vm.js:116:10)
    at Module._compile (module.js:533:28)
    at Object.Module._extensions..js (module.js:580:10)
    at Module.load (module.js:503:32)
    at tryModuleLoad (module.js:466:12)
    at Function.Module._load (module.js:458:3)
    at Object.<anonymous> (C:\Users\richard\AppData\Roaming\npm\node_modules\pm2\lib\ProcessContainerFork.js:53:21)
    at Module._compile (module.js:569:30)
    at Object.Module._extensions..js (module.js:580:10)
C:\USERS\RICHARD\APPDATA\LOCAL\.METEOR\METEOR.BAT:1
(function (exports, require, module, __filename, __dirname) { @echo off
                                                              ^

SyntaxError: Invalid or unexpected token
    at createScript (vm.js:74:10)
    at Object.runInThisContext (vm.js:116:10)
    at Module._compile (module.js:533:28)
    at Object.Module._extensions..js (module.js:580:10)
    at Module.load (module.js:503:32)
    at tryModuleLoad (module.js:466:12)
    at Function.Module._load (module.js:458:3)
    at Object.<anonymous> (C:\Users\richard\AppData\Roaming\npm\node_modules\pm2\lib\ProcessContainerFork.js:53:21)
    at Module._compile (module.js:569:30)
    at Object.Module._extensions..js (module.js:580:10)
C:\USERS\RICHARD\APPDATA\LOCAL\.METEOR\METEOR.BAT:1
(function (exports, require, module, __filename, __dirname) { @echo off
                                                              ^

SyntaxError: Invalid or unexpected token
    at createScript (vm.js:74:10)
    at Object.runInThisContext (vm.js:116:10)
    at Module._compile (module.js:533:28)
    at Object.Module._extensions..js (module.js:580:10)
    at Module.load (module.js:503:32)
    at tryModuleLoad (module.js:466:12)
    at Function.Module._load (module.js:458:3)
    at Object.<anonymous> (C:\Users\richard\AppData\Roaming\npm\node_modules\pm2\lib\ProcessContainerFork.js:53:21)
    at Module._compile (module.js:569:30)
    at Object.Module._extensions..js (module.js:580:10)
C:\USERS\RICHARD\APPDATA\LOCAL\.METEOR\METEOR.BAT:1
(function (exports, require, module, __filename, __dirname) { @echo off
                                                              ^

SyntaxError: Invalid or unexpected token
    at createScript (vm.js:74:10)
    at Object.runInThisContext (vm.js:116:10)
    at Module._compile (module.js:533:28)
    at Object.Module._extensions..js (module.js:580:10)
    at Module.load (module.js:503:32)
    at tryModuleLoad (module.js:466:12)
    at Function.Module._load (module.js:458:3)
    at Object.<anonymous> (C:\Users\richard\AppData\Roaming\npm\node_modules\pm2\lib\ProcessContainerFork.js:53:21)
    at Module._compile (module.js:569:30)
    at Object.Module._extensions..js (module.js:580:10)
C:\USERS\RICHARD\APPDATA\LOCAL\.METEOR\METEOR.BAT:1
(function (exports, require, module, __filename, __dirname) { @echo off
                                                              ^

SyntaxError: Invalid or unexpected token
    at createScript (vm.js:74:10)
    at Object.runInThisContext (vm.js:116:10)
    at Module._compile (module.js:533:28)
    at Object.Module._extensions..js (module.js:580:10)
    at Module.load (module.js:503:32)
    at tryModuleLoad (module.js:466:12)
    at Function.Module._load (module.js:458:3)
    at Object.<anonymous> (C:\Users\richard\AppData\Roaming\npm\node_modules\pm2\lib\ProcessContainerFork.js:53:21)
    at Module._compile (module.js:569:30)
    at Object.Module._extensions..js (module.js:580:10)
C:\USERS\RICHARD\APPDATA\LOCAL\.METEOR\METEOR.BAT:1
(function (exports, require, module, __filename, __dirname) { @echo off
                                                              ^

SyntaxError: Invalid or unexpected token
    at createScript (vm.js:74:10)
    at Object.runInThisContext (vm.js:116:10)
    at Module._compile (module.js:533:28)
    at Object.Module._extensions..js (module.js:580:10)
    at Module.load (module.js:503:32)
    at tryModuleLoad (module.js:466:12)
    at Function.Module._load (module.js:458:3)
    at Object.<anonymous> (C:\Users\richard\AppData\Roaming\npm\node_modules\pm2\lib\ProcessContainerFork.js:53:21)
    at Module._compile (module.js:569:30)
    at Object.Module._extensions..js (module.js:580:10)
C:\USERS\RICHARD\APPDATA\LOCAL\.METEOR\METEOR.BAT:1
(function (exports, require, module, __filename, __dirname) { @echo off
                                                              ^

SyntaxError: Invalid or unexpected token
    at createScript (vm.js:74:10)
    at Object.runInThisContext (vm.js:116:10)
    at Module._compile (module.js:533:28)
    at Object.Module._extensions..js (module.js:580:10)
    at Module.load (module.js:503:32)
    at tryModuleLoad (module.js:466:12)
    at Function.Module._load (module.js:458:3)
    at Object.<anonymous> (C:\Users\richard\AppData\Roaming\npm\node_modules\pm2\lib\ProcessContainerFork.js:53:21)
    at Module._compile (module.js:569:30)
    at Object.Module._extensions..js (module.js:580:10)
C:\USERS\RICHARD\APPDATA\LOCAL\.METEOR\METEOR.BAT:1
(function (exports, require, module, __filename, __dirname) { @echo off
                                                              ^

SyntaxError: Invalid or unexpected token
    at createScript (vm.js:74:10)
    at Object.runInThisContext (vm.js:116:10)
    at Module._compile (module.js:533:28)
    at Object.Module._extensions..js (module.js:580:10)
    at Module.load (module.js:503:32)
    at tryModuleLoad (module.js:466:12)
    at Function.Module._load (module.js:458:3)
    at Object.<anonymous> (C:\Users\richard\AppData\Roaming\npm\node_modules\pm2\lib\ProcessContainerFork.js:53:21)
    at Module._compile (module.js:569:30)
    at Object.Module._extensions..js (module.js:580:10)
C:\USERS\RICHARD\APPDATA\LOCAL\.METEOR\METEOR.BAT:1
(function (exports, require, module, __filename, __dirname) { @echo off
                                                              ^

SyntaxError: Invalid or unexpected token
    at createScript (vm.js:74:10)
    at Object.runInThisContext (vm.js:116:10)
    at Module._compile (module.js:533:28)
    at Object.Module._extensions..js (module.js:580:10)
    at Module.load (module.js:503:32)
    at tryModuleLoad (module.js:466:12)
    at Function.Module._load (module.js:458:3)
    at Object.<anonymous> (C:\Users\richard\AppData\Roaming\npm\node_modules\pm2\lib\ProcessContainerFork.js:53:21)
    at Module._compile (module.js:569:30)
    at Object.Module._extensions..js (module.js:580:10)
C:\USERS\RICHARD\APPDATA\LOCAL\.METEOR\METEOR.BAT:1
(function (exports, require, module, __filename, __dirname) { @echo off
                                                              ^

SyntaxError: Invalid or unexpected token
    at createScript (vm.js:74:10)
    at Object.runInThisContext (vm.js:116:10)
    at Module._compile (module.js:533:28)
    at Object.Module._extensions..js (module.js:580:10)
    at Module.load (module.js:503:32)
    at tryModuleLoad (module.js:466:12)
    at Function.Module._load (module.js:458:3)
    at Object.<anonymous> (C:\Users\richard\AppData\Roaming\npm\node_modules\pm2\lib\ProcessContainerFork.js:53:21)
    at Module._compile (module.js:569:30)
    at Object.Module._extensions..js (module.js:580:10)
C:\USERS\RICHARD\APPDATA\LOCAL\.METEOR\METEOR.BAT:1
(function (exports, require, module, __filename, __dirname) { @echo off
                                                              ^

SyntaxError: Invalid or unexpected token
    at createScript (vm.js:74:10)
    at Object.runInThisContext (vm.js:116:10)
    at Module._compile (module.js:533:28)
    at Object.Module._extensions..js (module.js:580:10)
    at Module.load (module.js:503:32)
    at tryModuleLoad (module.js:466:12)
    at Function.Module._load (module.js:458:3)
    at Object.<anonymous> (C:\Users\richard\AppData\Roaming\npm\node_modules\pm2\lib\ProcessContainerFork.js:53:21)
    at Module._compile (module.js:569:30)
    at Object.Module._extensions..js (module.js:580:10)
C:\USERS\RICHARD\APPDATA\LOCAL\.METEOR\METEOR.BAT:1
(function (exports, require, module, __filename, __dirname) { @echo off
                                                              ^

SyntaxError: Invalid or unexpected token
    at createScript (vm.js:74:10)
    at Object.runInThisContext (vm.js:116:10)
    at Module._compile (module.js:533:28)
    at Object.Module._extensions..js (module.js:580:10)
    at Module.load (module.js:503:32)
    at tryModuleLoad (module.js:466:12)
    at Function.Module._load (module.js:458:3)
    at Object.<anonymous> (C:\Users\richard\AppData\Roaming\npm\node_modules\pm2\lib\ProcessContainerFork.js:53:21)
    at Module._compile (module.js:569:30)
    at Object.Module._extensions..js (module.js:580:10)
C:\USERS\RICHARD\APPDATA\LOCAL\.METEOR\METEOR.BAT:1
(function (exports, require, module, __filename, __dirname) { @echo off
                                                              ^

SyntaxError: Invalid or unexpected token
    at createScript (vm.js:74:10)
    at Object.runInThisContext (vm.js:116:10)
    at Module._compile (module.js:533:28)
    at Object.Module._extensions..js (module.js:580:10)
    at Module.load (module.js:503:32)
    at tryModuleLoad (module.js:466:12)
    at Function.Module._load (module.js:458:3)
    at Object.<anonymous> (C:\Users\richard\AppData\Roaming\npm\node_modules\pm2\lib\ProcessContainerFork.js:53:21)
    at Module._compile (module.js:569:30)
    at Object.Module._extensions..js (module.js:580:10)
C:\USERS\RICHARD\APPDATA\LOCAL\.METEOR\METEOR.BAT:1
(function (exports, require, module, __filename, __dirname) { @echo off
                                                              ^

SyntaxError: Invalid or unexpected token
    at createScript (vm.js:74:10)
    at Object.runInThisContext (vm.js:116:10)
    at Module._compile (module.js:533:28)
    at Object.Module._extensions..js (module.js:580:10)
    at Module.load (module.js:503:32)
    at tryModuleLoad (module.js:466:12)
    at Function.Module._load (module.js:458:3)
    at Object.<anonymous> (C:\Users\richard\AppData\Roaming\npm\node_modules\pm2\lib\ProcessContainerFork.js:53:21)
    at Module._compile (module.js:569:30)
    at Object.Module._extensions..js (module.js:580:10)
C:\USERS\RICHARD\APPDATA\LOCAL\.METEOR\METEOR.BAT:1
(function (exports, require, module, __filename, __dirname) { @echo off
                                                              ^

SyntaxError: Invalid or unexpected token
    at createScript (vm.js:74:10)
    at Object.runInThisContext (vm.js:116:10)
    at Module._compile (module.js:533:28)
    at Object.Module._extensions..js (module.js:580:10)
    at Module.load (module.js:503:32)
    at tryModuleLoad (module.js:466:12)
    at Function.Module._load (module.js:458:3)
    at Object.<anonymous> (C:\Users\richard\AppData\Roaming\npm\node_modules\pm2\lib\ProcessContainerFork.js:53:21)
    at Module._compile (module.js:569:30)
    at Object.Module._extensions..js (module.js:580:10)
C:\USERS\RICHARD\APPDATA\LOCAL\.METEOR\METEOR.BAT:1
(function (exports, require, module, __filename, __dirname) { @echo off
                                                              ^

SyntaxError: Invalid or unexpected token
    at createScript (vm.js:74:10)
    at Object.runInThisContext (vm.js:116:10)
    at Module._compile (module.js:533:28)
    at Object.Module._extensions..js (module.js:580:10)
    at Module.load (module.js:503:32)
    at tryModuleLoad (module.js:466:12)
    at Function.Module._load (module.js:458:3)
    at Object.<anonymous> (C:\Users\richard\AppData\Roaming\npm\node_modules\pm2\lib\ProcessContainerFork.js:53:21)
    at Module._compile (module.js:569:30)
    at Object.Module._extensions..js (module.js:580:10)
C:\USERS\RICHARD\APPDATA\LOCAL\.METEOR\METEOR.BAT:1
(function (exports, require, module, __filename, __dirname) { @echo off
                                                              ^

SyntaxError: Invalid or unexpected token
    at createScript (vm.js:74:10)
    at Object.runInThisContext (vm.js:116:10)
    at Module._compile (module.js:533:28)
    at Object.Module._extensions..js (module.js:580:10)
    at Module.load (module.js:503:32)
    at tryModuleLoad (module.js:466:12)
    at Function.Module._load (module.js:458:3)
    at Object.<anonymous> (C:\Users\richard\AppData\Roaming\npm\node_modules\pm2\lib\ProcessContainerFork.js:53:21)
    at Module._compile (module.js:569:30)
    at Object.Module._extensions..js (module.js:580:10)
C:\USERS\RICHARD\APPDATA\LOCAL\.METEOR\METEOR.BAT:1
(function (exports, require, module, __filename, __dirname) { @echo off
                                                              ^

SyntaxError: Invalid or unexpected token
    at createScript (vm.js:74:10)
    at Object.runInThisContext (vm.js:116:10)
    at Module._compile (module.js:533:28)
    at Object.Module._extensions..js (module.js:580:10)
    at Module.load (module.js:503:32)
    at tryModuleLoad (module.js:466:12)
    at Function.Module._load (module.js:458:3)
    at Object.<anonymous> (C:\Users\richard\AppData\Roaming\npm\node_modules\pm2\lib\ProcessContainerFork.js:53:21)
    at Module._compile (module.js:569:30)
    at Object.Module._extensions..js (module.js:580:10)
C:\USERS\RICHARD\APPDATA\LOCAL\.METEOR\METEOR.BAT:1
(function (exports, require, module, __filename, __dirname) { @echo off
                                                              ^

SyntaxError: Invalid or unexpected token
    at createScript (vm.js:74:10)
    at Object.runInThisContext (vm.js:116:10)
    at Module._compile (module.js:533:28)
    at Object.Module._extensions..js (module.js:580:10)
    at Module.load (module.js:503:32)
    at tryModuleLoad (module.js:466:12)
    at Function.Module._load (module.js:458:3)
    at Object.<anonymous> (C:\Users\richard\AppData\Roaming\npm\node_modules\pm2\lib\ProcessContainerFork.js:53:21)
    at Module._compile (module.js:569:30)
    at Object.Module._extensions..js (module.js:580:10)
C:\USERS\RICHARD\APPDATA\LOCAL\.METEOR\METEOR.BAT:1
(function (exports, require, module, __filename, __dirname) { @echo off
                                                              ^

SyntaxError: Invalid or unexpected token
    at createScript (vm.js:74:10)
    at Object.runInThisContext (vm.js:116:10)
    at Module._compile (module.js:533:28)
    at Object.Module._extensions..js (module.js:580:10)
    at Module.load (module.js:503:32)
    at tryModuleLoad (module.js:466:12)
    at Function.Module._load (module.js:458:3)
    at Object.<anonymous> (C:\Users\richard\AppData\Roaming\npm\node_modules\pm2\lib\ProcessContainerFork.js:53:21)
    at Module._compile (module.js:569:30)
    at Object.Module._extensions..js (module.js:580:10)
C:\USERS\RICHARD\APPDATA\LOCAL\.METEOR\METEOR.BAT:1
(function (exports, require, module, __filename, __dirname) { @echo off
                                                              ^

SyntaxError: Invalid or unexpected token
    at createScript (vm.js:74:10)
    at Object.runInThisContext (vm.js:116:10)
    at Module._compile (module.js:533:28)
    at Object.Module._extensions..js (module.js:580:10)
    at Module.load (module.js:503:32)
    at tryModuleLoad (module.js:466:12)
    at Function.Module._load (module.js:458:3)
    at Object.<anonymous> (C:\Users\richard\AppData\Roaming\npm\node_modules\pm2\lib\ProcessContainerFork.js:53:21)
    at Module._compile (module.js:569:30)
    at Object.Module._extensions..js (module.js:580:10)
